#
# SIMLIB run-time statistics:
#    StartTime  = 0
#    EndTime    = 21266
#    EventCount = 8154
#    StepCount  = 0
#
+----------------------------------------------------------+
| STORE launchPad                                          |
+----------------------------------------------------------+
|  Capacity = 20  (0 used, 20 free)                        |
|  Time interval = 0 - 21266                               |
|  Number of Enter operations = 700                        |
|  Minimal used capacity = 0                               |
|  Maximal used capacity = 20                              |
|  Average used capacity = 8.43499                         |
+----------------------------------------------------------+
  Input queue 'launchPad.Q'
+----------------------------------------------------------+
| QUEUE Q                                                  |
+----------------------------------------------------------+
|  Time interval = 0 - 21266                               |
|  Incoming  250                                           |
|  Outcoming  250                                          |
|  Current length = 0                                      |
|  Maximal length = 11                                     |
|  Average length = 0.465007                               |
|  Minimal time = 0.00370053                               |
|  Maximal time = 117.278                                  |
|  Average time = 39.5555                                  |
|  Standard deviation = 28.463                             |
+----------------------------------------------------------+

+----------------------------------------------------------+
| QUEUE Launching rockets                                  |
+----------------------------------------------------------+
|  Time interval = 0 - 21266                               |
|  Incoming  700                                           |
|  Outcoming  700                                          |
|  Current length = 0                                      |
|  Maximal length = 11                                     |
|  Average length = 0.465007                               |
|  Minimal time = 0                                        |
|  Maximal time = 117.278                                  |
|  Average time = 14.1269                                  |
|  Standard deviation = 25.4624                            |
+----------------------------------------------------------+
+----------------------------------------------------------+
| QUEUE Booster Queue                                      |
+----------------------------------------------------------+
|  Time interval = 0 - 21266                               |
|  Incoming  344                                           |
|  Outcoming  292                                          |
|  Current length = 52                                     |
|  Maximal length = 52                                     |
|  Average length = 14.42                                  |
|  Minimal time = 0                                        |
|  Maximal time = 2433.71                                  |
|  Average time = 306.727                                  |
|  Standard deviation = 499.98                             |
+----------------------------------------------------------+
+----------------------------------------------------------+
| QUEUE Orbiting Rockets Queue                             |
+----------------------------------------------------------+
|  Time interval = 0 - 21266                               |
|  Incoming  331                                           |
|  Outcoming  331                                          |
|  Current length = 0                                      |
|  Maximal length = 5                                      |
|  Average length = 0.437237                               |
|  Minimal time = 0                                        |
|  Maximal time = 96.2598                                  |
|  Average time = 28.0915                                  |
|  Standard deviation = 18.7915                            |
+----------------------------------------------------------+
